  DrawCube.cpp
c:\users\user\desktop\临时文件\simplerenderengine\src\basic\texturemanager.h(9): fatal error C1083: 无法打开包括文件: “glew\glew.h”: No such file or directory
  Win.cpp
c:\users\user\desktop\临时文件\simplerenderengine\src\basic\win.cpp(1): fatal error C1083: 无法打开包括文件: “glew\glew.h”: No such file or directory
  TextureManager.cpp
c:\users\user\desktop\临时文件\simplerenderengine\src\basic\texturemanager.h(9): fatal error C1083: 无法打开包括文件: “glew\glew.h”: No such file or directory
  Shader.cpp
c:\users\user\desktop\临时文件\simplerenderengine\src\basic\uniform.h(3): fatal error C1083: 无法打开包括文件: “glew\glew.h”: No such file or directory
  Scene.cpp
c:\users\user\desktop\临时文件\simplerenderengine\src\basic\light.h(5): fatal error C1083: 无法打开包括文件: “glm\glm.hpp”: No such file or directory
  RenderSystem.cpp
c:\users\user\desktop\临时文件\simplerenderengine\src\basic\camera.h(6): fatal error C1083: 无法打开包括文件: “glm\glm.hpp”: No such file or directory
  RenderState.cpp
c:\users\user\desktop\临时文件\simplerenderengine\src\basic\renderstate.h(3): fatal error C1083: 无法打开包括文件: “glew\glew.h”: No such file or directory
  PickTool.cpp
c:\users\user\desktop\临时文件\simplerenderengine\src\basic\picktool.cpp(2): fatal error C1083: 无法打开包括文件: “glew\glew.h”: No such file or directory
  ParticleSystem.cpp
c:\users\user\desktop\临时文件\simplerenderengine\src\basic\particlesytem.h(1): fatal error C1083: 无法打开包括文件: “glew\glew.h”: No such file or directory
  Mesh.cpp
c:\users\user\desktop\临时文件\simplerenderengine\src\basic\light.h(5): fatal error C1083: 无法打开包括文件: “glm\glm.hpp”: No such file or directory
  Light.cpp
c:\users\user\desktop\临时文件\simplerenderengine\src\basic\light.h(5): fatal error C1083: 无法打开包括文件: “glm\glm.hpp”: No such file or directory
  FrameBuffer.cpp
c:\users\user\desktop\临时文件\simplerenderengine\src\basic\framebuffer.h(3): fatal error C1083: 无法打开包括文件: “glew\glew.h”: No such file or directory
  Camera.cpp
c:\users\user\desktop\临时文件\simplerenderengine\src\basic\camera\camera.h(3): fatal error C1083: 无法打开包括文件: “glm\glm.hpp”: No such file or directory
  正在生成代码...
