c:\users\luki\desktop\simplerenderengine\build\simplerenderengine\simplerenderengine\debug\vc140.pdb
c:\users\luki\desktop\simplerenderengine\build\simplerenderengine\simplerenderengine\debug\vc140.idb
c:\users\luki\desktop\simplerenderengine\build\simplerenderengine\simplerenderengine\debug\camera.obj
c:\users\luki\desktop\simplerenderengine\build\simplerenderengine\simplerenderengine\debug\framebuffer.obj
c:\users\luki\desktop\simplerenderengine\build\simplerenderengine\simplerenderengine\debug\renderstate.obj
c:\users\luki\desktop\simplerenderengine\build\simplerenderengine\simplerenderengine\debug\texturemanager.obj
c:\users\luki\desktop\simplerenderengine\build\simplerenderengine\simplerenderengine\debug\win.obj
c:\users\luki\desktop\simplerenderengine\build\simplerenderengine\simplerenderengine\debug\mesh.obj
c:\users\luki\desktop\simplerenderengine\build\simplerenderengine\simplerenderengine\debug\particlesystem.obj
c:\users\luki\desktop\simplerenderengine\build\simplerenderengine\simplerenderengine\debug\drawtriangle.obj
c:\users\luki\desktop\simplerenderengine\build\simplerenderengine\simplerenderengine\debug\light.obj
c:\users\luki\desktop\simplerenderengine\build\simplerenderengine\simplerenderengine\debug\shader.obj
c:\users\luki\desktop\simplerenderengine\build\simplerenderengine\simplerenderengine\debug\rendersystem.obj
c:\users\luki\desktop\simplerenderengine\build\simplerenderengine\simplerenderengine\debug\scene.obj
c:\users\luki\desktop\simplerenderengine\build\simplerenderengine\simplerenderengine\debug\picktool.obj
c:\users\luki\desktop\simplerenderengine\build\simplerenderengine\debug\simplerenderengine.ilk
c:\users\luki\desktop\simplerenderengine\build\simplerenderengine\debug\simplerenderengine.exe
c:\users\luki\desktop\simplerenderengine\build\simplerenderengine\debug\simplerenderengine.pdb
c:\users\luki\desktop\simplerenderengine\build\simplerenderengine\simplerenderengine\debug\simplere.0bf797b4.tlog\cl.command.1.tlog
c:\users\luki\desktop\simplerenderengine\build\simplerenderengine\simplerenderengine\debug\simplere.0bf797b4.tlog\cl.read.1.tlog
c:\users\luki\desktop\simplerenderengine\build\simplerenderengine\simplerenderengine\debug\simplere.0bf797b4.tlog\cl.write.1.tlog
c:\users\luki\desktop\simplerenderengine\build\simplerenderengine\simplerenderengine\debug\simplere.0bf797b4.tlog\link.command.1.tlog
c:\users\luki\desktop\simplerenderengine\build\simplerenderengine\simplerenderengine\debug\simplere.0bf797b4.tlog\link.read.1.tlog
c:\users\luki\desktop\simplerenderengine\build\simplerenderengine\simplerenderengine\debug\simplere.0bf797b4.tlog\link.write.1.tlog
